Arguments: 
  /usr/local/Cellar/node/9.3.0_1/bin/node /usr/local/Cellar/yarn/1.3.2/libexec/bin/yarn.js build:multi

PATH: 
  /usr/local/bin:/usr/bin:/bin:/usr/sbin:/sbin

Yarn version: 
  1.3.2

Node version: 
  9.3.0

Platform: 
  darwin x64

npm manifest: 
  {
    "name": "curso-de-webpack",
    "version": "1.0.0",
    "description": "este es un curso muy divertido",
    "main": "index.js",
    "scripts": {
      "test": "echo \"Error: no test specified\" && exit 1",
      "build": "webpack index.js bundle.js",
      "build:local": "webpack",
      "build:external": "webpack --config ./external/webpack.config.js",
      "build:css": "webpack --config ./css-style-loader/webpack.config.js",
      "build:extract:css": "webpack --config ./plugin-extract-text/webpack.config.js"
      "build:multi": "webpack --config ./multiple-entry-points/webpack.config.js"
    },
    "keywords": [
      "webpack"
    ],
    "author": "@AdrianCaminos",
    "license": "MIT",
    "devDependencies": {
      "css-loader": "^0.28.7",
      "extract-text-webpack-plugin": "^3.0.2",
      "style-loader": "^0.19.1",
      "webpack": "3.10.0"
    }
  }

yarn manifest: 
  No manifest

Lockfile: 
  No lockfile

Trace: 
  SyntaxError: /Users/adrianhorizon/Documents/webpack/package.json: Unexpected string in JSON at position 507
      at JSON.parse (<anonymous>)
      at /usr/local/Cellar/yarn/1.3.2/libexec/lib/cli.js:770:59
      at Generator.next (<anonymous>)
      at step (/usr/local/Cellar/yarn/1.3.2/libexec/lib/cli.js:92:30)
      at /usr/local/Cellar/yarn/1.3.2/libexec/lib/cli.js:103:13
      at <anonymous>
